# JRE version: Java(TM) SE Runtime Environment (8.0_111-b14) (build 1.8.0_111-b14)
# Java VM: Java HotSpot(TM) 64-Bit Server VM (25.111-b14 mixed mode windows-amd64 compressed oops)
Heap:
 PSYoungGen      total 28672K, used 24203K [0x00000000e0780000, 0x00000000e2780000, 0x0000000100000000)
  eden space 24576K, 82% used [0x00000000e0780000,0x00000000e1b4a4e0,0x00000000e1f80000)
  from space 4096K, 96% used [0x00000000e2380000,0x00000000e27588b0,0x00000000e2780000)
  to   space 4096K, 0% used [0x00000000e1f80000,0x00000000e1f80000,0x00000000e2380000)
 ParOldGen       total 65536K, used 5617K [0x00000000a1600000, 0x00000000a5600000, 0x00000000e0780000)
  object space 65536K, 8% used [0x00000000a1600000,0x00000000a1b7c7e8,0x00000000a5600000)
 Metaspace       used 13245K, capacity 13518K, committed 13696K, reserved 1060864K
  class space    used 1539K, capacity 1604K, committed 1664K, reserved 1048576K
GC Heap History (4 events):
Event: 14.817 GC heap before
{Heap before GC invocations=1 (full 0):
 PSYoungGen      total 28672K, used 24576K [0x00000000e0780000, 0x00000000e2780000, 0x0000000100000000)
  eden space 24576K, 100% used [0x00000000e0780000,0x00000000e1f80000,0x00000000e1f80000)
  from space 4096K, 0% used [0x00000000e2380000,0x00000000e2380000,0x00000000e2780000)
  to   space 4096K, 0% used [0x00000000e1f80000,0x00000000e1f80000,0x00000000e2380000)
 ParOldGen       total 65536K, used 0K [0x00000000a1600000, 0x00000000a5600000, 0x00000000e0780000)
  object space 65536K, 0% used [0x00000000a1600000,0x00000000a1600000,0x00000000a5600000)
 Metaspace       used 12842K, capacity 13128K, committed 13440K, reserved 1060864K
  class space    used 1534K, capacity 1603K, committed 1664K, reserved 1048576K
Event: 14.843 GC heap after
Heap after GC invocations=1 (full 0):
 PSYoungGen      total 28672K, used 4075K [0x00000000e0780000, 0x00000000e2780000, 0x0000000100000000)
  eden space 24576K, 0% used [0x00000000e0780000,0x00000000e0780000,0x00000000e1f80000)
  from space 4096K, 99% used [0x00000000e1f80000,0x00000000e237af90,0x00000000e2380000)
  to   space 4096K, 0% used [0x00000000e2380000,0x00000000e2380000,0x00000000e2780000)
 ParOldGen       total 65536K, used 5336K [0x00000000a1600000, 0x00000000a5600000, 0x00000000e0780000)
  object space 65536K, 8% used [0x00000000a1600000,0x00000000a1b36128,0x00000000a5600000)
 Metaspace       used 12842K, capacity 13128K, committed 13440K, reserved 1060864K
  class space    used 1534K, capacity 1603K, committed 1664K, reserved 1048576K
}
Event: 10186.092 GC heap before
{Heap before GC invocations=2 (full 0):
 PSYoungGen      total 28672K, used 27070K [0x00000000e0780000, 0x00000000e2780000, 0x0000000100000000)
  eden space 24576K, 93% used [0x00000000e0780000,0x00000000e1df4ac8,0x00000000e1f80000)
  from space 4096K, 99% used [0x00000000e1f80000,0x00000000e237af90,0x00000000e2380000)
  to   space 4096K, 0% used [0x00000000e2380000,0x00000000e2380000,0x00000000e2780000)
 ParOldGen       total 65536K, used 5336K [0x00000000a1600000, 0x00000000a5600000, 0x00000000e0780000)
  object space 65536K, 8% used [0x00000000a1600000,0x00000000a1b36128,0x00000000a5600000)
 Metaspace       used 13207K, capacity 13518K, committed 13696K, reserved 1060864K
  class space    used 1539K, capacity 1604K, committed 1664K, reserved 1048576K
Event: 10186.146 GC heap after
Heap after GC invocations=2 (full 0):
 PSYoungGen      total 28672K, used 3938K [0x00000000e0780000, 0x00000000e2780000, 0x0000000100000000)
  eden space 24576K, 0% used [0x00000000e0780000,0x00000000e0780000,0x00000000e1f80000)
  from space 4096K, 96% used [0x00000000e2380000,0x00000000e27588b0,0x00000000e2780000)
  to   space 4096K, 0% used [0x00000000e1f80000,0x00000000e1f80000,0x00000000e2380000)
 ParOldGen       total 65536K, used 5617K [0x00000000a1600000, 0x00000000a5600000, 0x00000000e0780000)
  object space 65536K, 8% used [0x00000000a1600000,0x00000000a1b7c7e8,0x00000000a5600000)
 Metaspace       used 13207K, capacity 13518K, committed 13696K, reserved 1060864K
  class space    used 1539K, capacity 1604K, committed 1664K, reserved 1048576K
}

